Determining if the include file sys/random.h exists failed with the following output:
Change Dir: /scratch/04950/dhl/SWAT/swatplus_predocker/source_codes/CMakeFiles/CMakeTmp

Run Build Command(s):/bin/gmake cmTC_c2f2c/fast && /bin/gmake -f CMakeFiles/cmTC_c2f2c.dir/build.make CMakeFiles/cmTC_c2f2c.dir/build
gmake[1]: Entering directory `/scratch/04950/dhl/SWAT/swatplus_predocker/source_codes/CMakeFiles/CMakeTmp'
Building C object CMakeFiles/cmTC_c2f2c.dir/CheckIncludeFile.c.o
/bin/cc -D_GNU_SOURCE  -fPIE   -o CMakeFiles/cmTC_c2f2c.dir/CheckIncludeFile.c.o   -c /scratch/04950/dhl/SWAT/swatplus_predocker/source_codes/CMakeFiles/CMakeTmp/CheckIncludeFile.c
/scratch/04950/dhl/SWAT/swatplus_predocker/source_codes/CMakeFiles/CMakeTmp/CheckIncludeFile.c:1:24: fatal error: sys/random.h: No such file or directory
 #include <sys/random.h>
                        ^
compilation terminated.
gmake[1]: *** [CMakeFiles/cmTC_c2f2c.dir/CheckIncludeFile.c.o] Error 1
gmake[1]: Leaving directory `/scratch/04950/dhl/SWAT/swatplus_predocker/source_codes/CMakeFiles/CMakeTmp'
gmake: *** [cmTC_c2f2c/fast] Error 2



Determining if the _isnan exist failed with the following output:
Change Dir: /scratch/04950/dhl/SWAT/swatplus_predocker/source_codes/CMakeFiles/CMakeTmp

Run Build Command(s):/bin/gmake cmTC_c9c7f/fast && /bin/gmake -f CMakeFiles/cmTC_c9c7f.dir/build.make CMakeFiles/cmTC_c9c7f.dir/build
gmake[1]: Entering directory `/scratch/04950/dhl/SWAT/swatplus_predocker/source_codes/CMakeFiles/CMakeTmp'
Building C object CMakeFiles/cmTC_c9c7f.dir/CheckSymbolExists.c.o
/bin/cc -D_GNU_SOURCE  -fPIE   -o CMakeFiles/cmTC_c9c7f.dir/CheckSymbolExists.c.o   -c /scratch/04950/dhl/SWAT/swatplus_predocker/source_codes/CMakeFiles/CMakeTmp/CheckSymbolExists.c
/scratch/04950/dhl/SWAT/swatplus_predocker/source_codes/CMakeFiles/CMakeTmp/CheckSymbolExists.c: In function ‘main’:
/scratch/04950/dhl/SWAT/swatplus_predocker/source_codes/CMakeFiles/CMakeTmp/CheckSymbolExists.c:8:19: error: ‘_isnan’ undeclared (first use in this function)
   return ((int*)(&_isnan))[argc];
                   ^
/scratch/04950/dhl/SWAT/swatplus_predocker/source_codes/CMakeFiles/CMakeTmp/CheckSymbolExists.c:8:19: note: each undeclared identifier is reported only once for each function it appears in
gmake[1]: *** [CMakeFiles/cmTC_c9c7f.dir/CheckSymbolExists.c.o] Error 1
gmake[1]: Leaving directory `/scratch/04950/dhl/SWAT/swatplus_predocker/source_codes/CMakeFiles/CMakeTmp'
gmake: *** [cmTC_c9c7f/fast] Error 2


File /scratch/04950/dhl/SWAT/swatplus_predocker/source_codes/CMakeFiles/CMakeTmp/CheckSymbolExists.c:
/* */
#include <float.h>

int main(int argc, char** argv)
{
  (void)argv;
#ifndef _isnan
  return ((int*)(&_isnan))[argc];
#else
  (void)argc;
  return 0;
#endif
}
Determining if the _finite exist failed with the following output:
Change Dir: /scratch/04950/dhl/SWAT/swatplus_predocker/source_codes/CMakeFiles/CMakeTmp

Run Build Command(s):/bin/gmake cmTC_0286b/fast && /bin/gmake -f CMakeFiles/cmTC_0286b.dir/build.make CMakeFiles/cmTC_0286b.dir/build
gmake[1]: Entering directory `/scratch/04950/dhl/SWAT/swatplus_predocker/source_codes/CMakeFiles/CMakeTmp'
Building C object CMakeFiles/cmTC_0286b.dir/CheckSymbolExists.c.o
/bin/cc -D_GNU_SOURCE  -fPIE   -o CMakeFiles/cmTC_0286b.dir/CheckSymbolExists.c.o   -c /scratch/04950/dhl/SWAT/swatplus_predocker/source_codes/CMakeFiles/CMakeTmp/CheckSymbolExists.c
/scratch/04950/dhl/SWAT/swatplus_predocker/source_codes/CMakeFiles/CMakeTmp/CheckSymbolExists.c: In function ‘main’:
/scratch/04950/dhl/SWAT/swatplus_predocker/source_codes/CMakeFiles/CMakeTmp/CheckSymbolExists.c:8:19: error: ‘_finite’ undeclared (first use in this function)
   return ((int*)(&_finite))[argc];
                   ^
/scratch/04950/dhl/SWAT/swatplus_predocker/source_codes/CMakeFiles/CMakeTmp/CheckSymbolExists.c:8:19: note: each undeclared identifier is reported only once for each function it appears in
gmake[1]: *** [CMakeFiles/cmTC_0286b.dir/CheckSymbolExists.c.o] Error 1
gmake[1]: Leaving directory `/scratch/04950/dhl/SWAT/swatplus_predocker/source_codes/CMakeFiles/CMakeTmp'
gmake: *** [cmTC_0286b/fast] Error 2


File /scratch/04950/dhl/SWAT/swatplus_predocker/source_codes/CMakeFiles/CMakeTmp/CheckSymbolExists.c:
/* */
#include <float.h>

int main(int argc, char** argv)
{
  (void)argv;
#ifndef _finite
  return ((int*)(&_finite))[argc];
#else
  (void)argc;
  return 0;
#endif
}
Determining if the _doprnt exist failed with the following output:
Change Dir: /scratch/04950/dhl/SWAT/swatplus_predocker/source_codes/CMakeFiles/CMakeTmp

Run Build Command(s):/bin/gmake cmTC_3617f/fast && /bin/gmake -f CMakeFiles/cmTC_3617f.dir/build.make CMakeFiles/cmTC_3617f.dir/build
gmake[1]: Entering directory `/scratch/04950/dhl/SWAT/swatplus_predocker/source_codes/CMakeFiles/CMakeTmp'
Building C object CMakeFiles/cmTC_3617f.dir/CheckSymbolExists.c.o
/bin/cc -D_GNU_SOURCE  -fPIE   -o CMakeFiles/cmTC_3617f.dir/CheckSymbolExists.c.o   -c /scratch/04950/dhl/SWAT/swatplus_predocker/source_codes/CMakeFiles/CMakeTmp/CheckSymbolExists.c
/scratch/04950/dhl/SWAT/swatplus_predocker/source_codes/CMakeFiles/CMakeTmp/CheckSymbolExists.c: In function ‘main’:
/scratch/04950/dhl/SWAT/swatplus_predocker/source_codes/CMakeFiles/CMakeTmp/CheckSymbolExists.c:8:19: error: ‘_doprnt’ undeclared (first use in this function)
   return ((int*)(&_doprnt))[argc];
                   ^
/scratch/04950/dhl/SWAT/swatplus_predocker/source_codes/CMakeFiles/CMakeTmp/CheckSymbolExists.c:8:19: note: each undeclared identifier is reported only once for each function it appears in
gmake[1]: *** [CMakeFiles/cmTC_3617f.dir/CheckSymbolExists.c.o] Error 1
gmake[1]: Leaving directory `/scratch/04950/dhl/SWAT/swatplus_predocker/source_codes/CMakeFiles/CMakeTmp'
gmake: *** [cmTC_3617f/fast] Error 2


File /scratch/04950/dhl/SWAT/swatplus_predocker/source_codes/CMakeFiles/CMakeTmp/CheckSymbolExists.c:
/* */
#include <stdio.h>

int main(int argc, char** argv)
{
  (void)argv;
#ifndef _doprnt
  return ((int*)(&_doprnt))[argc];
#else
  (void)argc;
  return 0;
#endif
}
Performing C SOURCE FILE Test HAS_GNU_WARNING_LONG failed with the following output:
Change Dir: /scratch/04950/dhl/SWAT/swatplus_predocker/source_codes/CMakeFiles/CMakeTmp

Run Build Command(s):/bin/gmake cmTC_10ade/fast && /bin/gmake -f CMakeFiles/cmTC_10ade.dir/build.make CMakeFiles/cmTC_10ade.dir/build
gmake[1]: Entering directory `/scratch/04950/dhl/SWAT/swatplus_predocker/source_codes/CMakeFiles/CMakeTmp'
Building C object CMakeFiles/cmTC_10ade.dir/src.c.o
/bin/cc -D_GNU_SOURCE  -DHAS_GNU_WARNING_LONG -fPIE   -o CMakeFiles/cmTC_10ade.dir/src.c.o   -c /scratch/04950/dhl/SWAT/swatplus_predocker/source_codes/CMakeFiles/CMakeTmp/src.c
/scratch/04950/dhl/SWAT/swatplus_predocker/source_codes/CMakeFiles/CMakeTmp/src.c:3:9: warning: missing terminating " character [enabled by default]
 __asm__(".section .gnu.json_object_get
         ^
/scratch/04950/dhl/SWAT/swatplus_predocker/source_codes/CMakeFiles/CMakeTmp/src.c:3:1: error: missing terminating " character
 __asm__(".section .gnu.json_object_get
 ^
/scratch/04950/dhl/SWAT/swatplus_predocker/source_codes/CMakeFiles/CMakeTmp/src.c:4:2: error: expected string literal before ‘.’ token
  .ascii "Please link against libjson-c instead of libjson"
  ^
/scratch/04950/dhl/SWAT/swatplus_predocker/source_codes/CMakeFiles/CMakeTmp/src.c:5:7: warning: missing terminating " character [enabled by default]
  .text");
       ^
/scratch/04950/dhl/SWAT/swatplus_predocker/source_codes/CMakeFiles/CMakeTmp/src.c:5:2: error: missing terminating " character
  .text");
  ^
gmake[1]: *** [CMakeFiles/cmTC_10ade.dir/src.c.o] Error 1
gmake[1]: Leaving directory `/scratch/04950/dhl/SWAT/swatplus_predocker/source_codes/CMakeFiles/CMakeTmp'
gmake: *** [cmTC_10ade/fast] Error 2


Source file was:

extern void json_object_get();
__asm__(".section .gnu.json_object_get
	.ascii "Please link against libjson-c instead of libjson"
	.text");
int main(int c, char *v) { return 0;}

